returning --> master | targets
returning --> master | targets

Preprocessing Steps:
Feature Space Dim: (6332, 342)
Targets Dim: (790, 37)
	-building Anderson's Rule classes
	-building stacking configuration classes
	-using AUB bilayers, transforming to binary classes
	-dropping feature columns: (6332, 90)
	-dropping metal bilayers: (689, 37)
	-dropping Type III bilayers: (600, 37)
II    310
I     290
Name: band_alignment, dtype: int64
	-dropping bilayers w/ ILD < 2.5: (595, 37)
	-dropping bilayers w/ Eb > 40 meV: (595, 37)
	-dropping bilayers w/ charge transf. > 1 |e|: (595, 37)
	-one-hot-encod band alignment: (6332, 91)

Final --> Feature Space Dim: (6332, 91)
Final --> Targets Dim: (595, 37)

target = 'EA'  stacktype = 'AUB'
x dim: (595, 91)
y dim: (595,)
unlabeled-X dim: (5737, 91)


All Features (Pre-Feature Selection) (p=91):
['avg_gap_nosoc', 'avg_evac', 'avg_hform', 'avg_emass1', 'avg_emass2', 'avg_efermi_hse_nosoc', 'avg_cbm', 'avg_vbm', 'avg_excitonmass1', 'avg_excitonmass2', 'avg_alphax', 'avg_alphaz', 'avg_bse_binding', 'avg_c_11', 'avg_c_12', 'avg_lattice_param', 'min_cbm', 'max_cbm', 'min_vbm', 'max_vbm', 'cbmvbm', 'avg_cbm_hybridization', 'avg_cbm_score_1', 'avg_vbm_hybridization', 'avg_vbm_score_1', 'avg_cbm_s', 'avg_cbm_p', 'avg_cbm_d', 'avg_cbm_sp', 'avg_cbm_sd', 'avg_cbm_pd', 'avg_vbm_s', 'avg_vbm_p', 'avg_vbm_d', 'avg_vbm_sp', 'avg_vbm_sd', 'avg_vbm_pd', 'avg_cmb_spd_card', 'avg_vbm_spd_card', 'avg_cbm_char_d', 'avg_cbm_char_p', 'avg_cbm_char_s', 'avg_vbm_char_d', 'avg_vbm_char_p', 'avg_vbm_char_s', 'avg_cbm_mend_no', 'avg_vbm_mend_no', 'avg_delta_mend_no', 'mean_cbmsite_mass', 'mean_cbmsite_elecneg', 'mean_cbmsite_nvalence', 'mean_cbmsite_mp', 'mean_cbmsite_atomic_vol', 'mean_cbmsite_atomic_rad', 'mean_cbmsite_vdw_radius', 'mean_vbmsite_mass', 'mean_vbmsite_elecneg', 'mean_vbmsite_nvalence', 'mean_vbmsite_mp', 'mean_vbmsite_atomic_vol', 'mean_vbmsite_atomic_rad', 'mean_vbmsite_vdw_radius', 'PymatgenData minimum X', 'PymatgenData maximum X', 'PymatgenData range X', 'PymatgenData mean X', 'PymatgenData std_dev X', 'PymatgenData minimum atomic_mass', 'PymatgenData maximum atomic_mass', 'PymatgenData range atomic_mass', 'PymatgenData mean atomic_mass', 'PymatgenData std_dev atomic_mass', 'PymatgenData minimum atomic_radius', 'PymatgenData maximum atomic_radius', 'PymatgenData range atomic_radius', 'PymatgenData mean atomic_radius', 'PymatgenData std_dev atomic_radius', 'PymatgenData mean mendeleev_no', 'PymatgenData minimum thermal_conductivity', 'PymatgenData maximum thermal_conductivity', 'PymatgenData range thermal_conductivity', 'PymatgenData mean thermal_conductivity', 'PymatgenData std_dev thermal_conductivity', 'PymatgenData minimum melting_point', 'PymatgenData maximum melting_point', 'PymatgenData range melting_point', 'PymatgenData mean melting_point', 'PymatgenData std_dev melting_point', 'stacktype', 'band_alignment_1', 'band_alignment_2']


Running Training Pipeline:
	-training succesful, saving model

